0 info it worked if it ends with ok
1 verbose cli [ '/usr/bin/nodejs', '/usr/bin/npm', 'publish' ]
2 info using npm@2.14.4
3 info using node@v4.1.1
4 verbose publish [ '.' ]
5 silly cache add args [ '.', null ]
6 verbose cache add spec .
7 silly cache add parsed spec Result {
7 silly cache add   raw: '.',
7 silly cache add   scope: null,
7 silly cache add   name: null,
7 silly cache add   rawSpec: '.',
7 silly cache add   spec: '/home/ramon/Documentos/Git/string-capitalize-name',
7 silly cache add   type: 'directory' }
8 verbose addLocalDirectory /home/ramon/.npm/string-capitalize-name/1.0.0/package.tgz not in flight; packing
9 verbose tar pack [ '/home/ramon/.npm/string-capitalize-name/1.0.0/package.tgz',
9 verbose tar pack   '/home/ramon/Documentos/Git/string-capitalize-name' ]
10 verbose tarball /home/ramon/.npm/string-capitalize-name/1.0.0/package.tgz
11 verbose folder /home/ramon/Documentos/Git/string-capitalize-name
12 info prepublish string-capitalize-name@1.0.0
13 verbose addLocalTarball adding from inside cache /home/ramon/.npm/string-capitalize-name/1.0.0/package.tgz
14 silly cache afterAdd string-capitalize-name@1.0.0
15 verbose afterAdd /home/ramon/.npm/string-capitalize-name/1.0.0/package/package.json not in flight; writing
16 verbose afterAdd /home/ramon/.npm/string-capitalize-name/1.0.0/package/package.json written
17 silly publish { name: 'string-capitalize-name',
17 silly publish   version: '1.0.0',
17 silly publish   description: 'Convert your string to correctly string name.',
17 silly publish   main: 'app.js',
17 silly publish   directories: { test: 'tests' },
17 silly publish   keywords:
17 silly publish    [ 'capitalize',
17 silly publish      'capitalize name',
17 silly publish      'name',
17 silly publish      'UpperCase',
17 silly publish      'string',
17 silly publish      'capitalize string' ],
17 silly publish   author: { name: 'Ramon Mulia' },
17 silly publish   license: 'ISC',
17 silly publish   devDependencies: { chai: '^3.3.0', charlatan: '^1.0.0' },
17 silly publish   readme: '# string-capitalize-name\n\nConvert your string to correctly string name.\n\n### Usage\n```sh\nvar SCN = require(\'string-capitalize-name\');\nvar name = \'jameS patrick page\';\nvar capName = SCN(name); //result: James Patrick Page\n```\n### Installation\n```sh\nnpm install string-capitalize-name\n```\n\n### Options\n- ignoreLessThanLength: Number\n\n```sh\nvar SCN = require(\'string-capitalize-name\');\nvar name = \'silvia da fonceca js.\';\nvar capName = SCN(name,{ignoreLessThanLength: 3}); //result: Silvia da Fonceca js.\'\n```\n\n',
17 silly publish   readmeFilename: 'README.md',
17 silly publish   gitHead: '86fd6c844eefcfc6e1835f93c56897d81293b551',
17 silly publish   _id: 'string-capitalize-name@1.0.0',
17 silly publish   scripts: {},
17 silly publish   _shasum: 'ae0d8f6099a03a493759108dbf484220095f9d9e',
17 silly publish   _from: '.' }
18 verbose getPublishConfig undefined
19 silly mapToRegistry name string-capitalize-name
20 silly mapToRegistry using default registry
21 silly mapToRegistry registry https://registry.npmjs.org/
22 silly mapToRegistry uri https://registry.npmjs.org/string-capitalize-name
23 verbose publish registryBase https://registry.npmjs.org/
24 silly publish uploading /home/ramon/.npm/string-capitalize-name/1.0.0/package.tgz
25 verbose request uri https://registry.npmjs.org/string-capitalize-name
26 verbose request sending authorization for write operation
27 info attempt registry request try #1 at 22:03:12
28 verbose request using bearer token for auth
29 verbose request id 5de5453ec30c84f9
30 http request PUT https://registry.npmjs.org/string-capitalize-name
31 http 403 https://registry.npmjs.org/string-capitalize-name
32 verbose headers { 'content-type': 'application/json',
32 verbose headers   'cache-control': 'max-age=60',
32 verbose headers   'content-length': '95',
32 verbose headers   'accept-ranges': 'bytes',
32 verbose headers   date: 'Wed, 14 Oct 2015 01:03:13 GMT',
32 verbose headers   via: '1.1 varnish',
32 verbose headers   connection: 'keep-alive',
32 verbose headers   'x-served-by': 'cache-jfk1029-JFK',
32 verbose headers   'x-cache': 'MISS',
32 verbose headers   'x-cache-hits': '0',
32 verbose headers   'x-timer': 'S1444784592.924836,VS0,VE670' }
33 verbose request invalidating /home/ramon/.npm/registry.npmjs.org/string-capitalize-name on PUT
34 error publish Failed PUT 403
35 verbose stack Error: "You cannot publish over the previously published version 1.0.0." : string-capitalize-name
35 verbose stack     at makeError (/usr/lib/node_modules/npm/node_modules/npm-registry-client/lib/request.js:263:12)
35 verbose stack     at CachingRegistryClient.<anonymous> (/usr/lib/node_modules/npm/node_modules/npm-registry-client/lib/request.js:251:14)
35 verbose stack     at Request._callback (/usr/lib/node_modules/npm/node_modules/npm-registry-client/lib/request.js:171:14)
35 verbose stack     at Request.self.callback (/usr/lib/node_modules/npm/node_modules/request/request.js:198:22)
35 verbose stack     at emitTwo (events.js:87:13)
35 verbose stack     at Request.emit (events.js:172:7)
35 verbose stack     at Request.<anonymous> (/usr/lib/node_modules/npm/node_modules/request/request.js:1073:14)
35 verbose stack     at emitOne (events.js:82:20)
35 verbose stack     at Request.emit (events.js:169:7)
35 verbose stack     at IncomingMessage.<anonymous> (/usr/lib/node_modules/npm/node_modules/request/request.js:1019:12)
36 verbose statusCode 403
37 verbose pkgid string-capitalize-name
38 verbose cwd /home/ramon/Documentos/Git/string-capitalize-name
39 error Linux 3.19.0-30-generic
40 error argv "/usr/bin/nodejs" "/usr/bin/npm" "publish"
41 error node v4.1.1
42 error npm  v2.14.4
43 error code E403
44 error "You cannot publish over the previously published version 1.0.0." : string-capitalize-name
45 error If you need help, you may report this error at:
45 error     <https://github.com/npm/npm/issues>
46 verbose exit [ 1, true ]
